[23:47:30] === Overnight Loop Started ===
[23:47:30] === Iteration 1 ===
[23:47:30] Step 1: Checking model consistency...
[23:47:30]   Found 1 issues:
[23:47:30]     - npu_sim.py: still has weight_preloaded=True
[23:47:30]   Fixing: npu_sim.py: still has weight_preloaded=True
[23:47:30]     Fixed weight_preloaded in npu_sim.py
[23:47:30]   Fixed 1/1 issues
[23:47:30] Step 2: Running parameter sweep...
[23:47:30] Step 3: Running E2E validation...
[23:47:30]   E2E: None tok/s, target: ❌
[23:47:30] Step 4: Generating summary...
[23:47:30]   Summary: /Users/zheng/npu/sim/results/morning_summary.md
[23:47:30] === Iteration 1 Complete ===
[23:53:39] === Overnight Loop Started ===
[23:53:39] === Iteration 3 ===
[23:53:39] Step 1: Checking model consistency...
[23:53:39]   All models consistent ✅
[23:53:39] Step 2: Running parameter sweep...
[23:53:39]   Baseline: 15 tok/s
[23:53:39] Step 3: Running E2E validation...
[23:53:39]   E2E: 31.0 tok/s, target: ✅
[23:53:39] Step 4: Generating summary...
[23:53:39]   Summary: /Users/zheng/npu/sim/results/morning_summary.md
[23:53:39] === Iteration 3 Complete ===
[00:06:21] === Overnight Loop Started ===
[00:06:21] === Iteration 5 ===
[00:06:21] Step 1: Checking model consistency...
[00:06:21]   All models consistent ✅
[00:06:21] Step 2: Running parameter sweep...
[00:06:21]   Baseline: 15 tok/s
[00:06:21] Step 3: Running E2E validation...
[00:06:21]   E2E: 31.0 tok/s, target: ✅
[00:06:21] Step 4: Generating summary...
[00:06:21]   Summary: /Users/zheng/npu/sim/results/morning_summary.md
[00:06:21] === Iteration 5 Complete ===

[02:00:52] === Overnight Loop Started ===
[02:00:52] === Iteration 7 ===
[02:00:52] Step 1: Checking model consistency...
[02:00:52]   All models consistent ✅
[02:00:52] Step 2: Running parameter sweep...
[02:00:52]   Baseline: 15 tok/s
[02:00:52] Step 3: Running E2E validation...
[02:00:52]   E2E: 31.0 tok/s, target: ✅
[02:00:52] Step 4: Generating summary...
[02:00:52]   Summary: /Users/zheng/npu/sim/results/morning_summary.md
[02:00:52] === Iteration 7 Complete ===
[02:01:42] === Overnight Loop Started ===
[02:01:42] === Iteration 5 ===
[02:01:42] Step 1: Checking model consistency...
[02:01:42]   All models consistent ✅
[02:01:42] Step 2: Running parameter sweep...
[02:01:42]   Baseline: 15 tok/s
[02:01:42] Step 3: Running E2E validation...
[02:01:42]   E2E: 31.0 tok/s, target: ✅
[02:01:42] Step 4: Generating summary...
[02:01:42]   Summary: /Users/zheng/npu/sim/results/morning_summary.md
[02:01:42] === Iteration 5 Complete ===
[04:01:11] === Overnight Loop Started ===
[04:01:11] === Iteration 6 ===
[04:01:11] Step 1: Checking model consistency...
[04:01:11]   All models consistent ✅
[04:01:11] Step 2: Running parameter sweep...
[04:01:11]   Baseline: 15 tok/s
[04:01:11] Step 3: Running E2E validation...
[04:01:11]   E2E: 31.0 tok/s, target: ✅
[04:01:11] Step 4: Generating summary...
[04:01:11]   Summary: /Users/zheng/npu/sim/results/morning_summary.md
[04:01:11] === Iteration 6 Complete ===
[04:02:39] === Overnight Loop Started ===
[04:02:39] === Iteration 7 ===
[04:02:39] Step 1: Checking model consistency...
[04:02:39]   All models consistent ✅
[04:02:39] Step 2: Running parameter sweep...
[04:02:39]   Baseline: 15 tok/s
[04:02:39] Step 3: Running E2E validation...
[04:02:39]   E2E: 31.0 tok/s, target: ✅
[04:02:39] Step 4: Generating summary...
[04:02:39]   Summary: /Users/zheng/npu/sim/results/morning_summary.md
[04:02:39] === Iteration 7 Complete ===
[04:03:36] === Overnight Loop Started ===
[04:03:36] === Iteration 8 ===
[04:03:36] Step 1: Checking model consistency...
[04:03:36]   All models consistent ✅
[04:03:36] Step 2: Running parameter sweep...
[04:03:36]   Baseline: 15 tok/s
[04:03:36] Step 3: Running E2E validation...
[04:03:36]   E2E: 31.0 tok/s, target: ✅
[04:03:36] Step 4: Generating summary...
[04:03:36]   Summary: /Users/zheng/npu/sim/results/morning_summary.md
[04:03:36] === Iteration 8 Complete ===
[06:01:18] === Overnight Loop Started ===
[06:01:18] === Iteration 9 ===
[06:01:18] Step 1: Checking model consistency...
[06:01:18]   All models consistent ✅
[06:01:18] Step 2: Running parameter sweep...
[06:01:18]   Baseline: 15 tok/s
[06:01:18] Step 3: Running E2E validation...
[06:01:18]   E2E: 31.0 tok/s, target: ✅
[06:01:18] Step 4: Generating summary...
[06:01:18]   Summary: /Users/zheng/npu/sim/results/morning_summary.md
[06:01:18] === Iteration 9 Complete ===
[06:02:08] Manual fix: removed weight_preloaded=True from dead-code param_sweep.py line 100 (outside overnight loop scan scope)
[08:06:13] === Overnight Loop Started ===
[08:06:13] === Iteration 10 ===
[08:06:13] Step 1: Checking model consistency...
[08:06:13]   All models consistent ✅
[08:06:13] Step 2: Running parameter sweep...
[08:06:13]   Baseline: 15 tok/s
[08:06:13] Step 3: Running E2E validation...
[08:06:13]   E2E: 31.0 tok/s, target: ✅
[08:06:13] Step 4: Generating summary...
[08:06:13]   Summary: /Users/zheng/npu/sim/results/morning_summary.md
[08:06:13] === Iteration 10 Complete ===
